  Application.cpp
c:\users\roman\documents\github\cg-projekt\src\application.cpp(37): error C2512: 'Camera': no appropriate default constructor available
  c:\users\roman\documents\github\cg-projekt\src\camera.h(34): note: see declaration of 'Camera'
c:\users\roman\documents\github\cg-projekt\src\application.cpp(36): error C2614: 'Application': illegal member initialization: 'pWindow' is not a base or member
c:\users\roman\documents\github\cg-projekt\src\application.cpp(36): error C2614: 'Application': illegal member initialization: 'Cam' is not a base or member
c:\users\roman\documents\github\cg-projekt\src\application.cpp(106): error C2039: 'pWindow': is not a member of 'Application'
  c:\users\roman\documents\github\cg-projekt\src\application.h(25): note: see declaration of 'Application'
c:\users\roman\documents\github\cg-projekt\src\application.cpp(114): error C2039: 'Cam': is not a member of 'Application'
  c:\users\roman\documents\github\cg-projekt\src\application.h(25): note: see declaration of 'Application'
c:\users\roman\documents\github\cg-projekt\src\application.cpp(114): error C2228: left of '.getProjectionMatrix' must have class/struct/union
c:\users\roman\documents\github\cg-projekt\src\application.cpp(119): error C2039: 'Cam': is not a member of 'Application'
  c:\users\roman\documents\github\cg-projekt\src\application.h(25): note: see declaration of 'Application'
c:\users\roman\documents\github\cg-projekt\src\application.cpp(119): error C2228: left of '.getViewMatrix' must have class/struct/union
c:\users\roman\documents\github\cg-projekt\src\application.cpp(136): error C2065: 'Models': undeclared identifier
c:\users\roman\documents\github\cg-projekt\src\application.cpp(136): error C2228: left of '.begin' must have class/struct/union
  c:\users\roman\documents\github\cg-projekt\src\application.cpp(136): note: type is 'unknown-type'
c:\users\roman\documents\github\cg-projekt\src\application.cpp(136): error C2228: left of '.end' must have class/struct/union
  c:\users\roman\documents\github\cg-projekt\src\application.cpp(136): note: type is 'unknown-type'
c:\users\roman\documents\github\cg-projekt\src\application.cpp(138): error C2065: 'Cam': undeclared identifier
c:\users\roman\documents\github\cg-projekt\src\application.cpp(147): error C2065: 'Models': undeclared identifier
c:\users\roman\documents\github\cg-projekt\src\application.cpp(147): error C2228: left of '.begin' must have class/struct/union
  c:\users\roman\documents\github\cg-projekt\src\application.cpp(147): note: type is 'unknown-type'
c:\users\roman\documents\github\cg-projekt\src\application.cpp(147): error C2228: left of '.end' must have class/struct/union
  c:\users\roman\documents\github\cg-projekt\src\application.cpp(147): note: type is 'unknown-type'
c:\users\roman\documents\github\cg-projekt\src\application.cpp(150): error C2065: 'Models': undeclared identifier
c:\users\roman\documents\github\cg-projekt\src\application.cpp(150): error C2228: left of '.clear' must have class/struct/union
  c:\users\roman\documents\github\cg-projekt\src\application.cpp(150): note: type is 'unknown-type'
  Generating Code...
  Compiling...
  main.cpp
c:\users\roman\documents\github\cg-projekt\src\main.cpp(54): warning C4244: 'initializing': conversion from 'double' to 'float', possible loss of data
c:\users\roman\documents\github\cg-projekt\src\main.cpp(61): warning C4244: '=': conversion from 'double' to 'float', possible loss of data
  Generating Code...
