d:\dokumente\hochschule\computergrafik\praktikum1\cgprakt4\cgprakt4\cgprakt4\cgvstudio\cgvstudio\debug\vc140.pdb
d:\dokumente\hochschule\computergrafik\praktikum1\cgprakt4\cgprakt4\cgprakt4\cgvstudio\cgvstudio\debug\vc140.idb
d:\dokumente\hochschule\computergrafik\praktikum1\cgprakt4\cgprakt4\cgprakt4\cgvstudio\cgvstudio\debug\baseshader.obj
d:\dokumente\hochschule\computergrafik\praktikum1\cgprakt4\cgprakt4\cgprakt4\cgvstudio\cgvstudio\debug\camera.obj
d:\dokumente\hochschule\computergrafik\praktikum1\cgprakt4\cgprakt4\cgprakt4\cgvstudio\cgvstudio\debug\color.obj
d:\dokumente\hochschule\computergrafik\praktikum1\cgprakt4\cgprakt4\cgprakt4\cgvstudio\cgvstudio\debug\constantshader.obj
d:\dokumente\hochschule\computergrafik\praktikum1\cgprakt4\cgprakt4\cgprakt4\cgvstudio\cgvstudio\debug\indexbuffer.obj
d:\dokumente\hochschule\computergrafik\praktikum1\cgprakt4\cgprakt4\cgprakt4\cgvstudio\cgvstudio\debug\lineboxmodel.obj
d:\dokumente\hochschule\computergrafik\praktikum1\cgprakt4\cgprakt4\cgprakt4\cgvstudio\cgvstudio\debug\lineplanemodel.obj
d:\dokumente\hochschule\computergrafik\praktikum1\cgprakt4\cgprakt4\cgprakt4\cgvstudio\cgvstudio\debug\main.obj
d:\dokumente\hochschule\computergrafik\praktikum1\cgprakt4\cgprakt4\cgprakt4\cgvstudio\cgvstudio\debug\matrix.obj
d:\dokumente\hochschule\computergrafik\praktikum1\cgprakt4\cgprakt4\cgprakt4\cgvstudio\cgvstudio\debug\model.obj
d:\dokumente\hochschule\computergrafik\praktikum1\cgprakt4\cgprakt4\cgprakt4\cgvstudio\cgvstudio\debug\phongshader.obj
d:\dokumente\hochschule\computergrafik\praktikum1\cgprakt4\cgprakt4\cgprakt4\cgvstudio\cgvstudio\debug\rgbimage.obj
d:\dokumente\hochschule\computergrafik\praktikum1\cgprakt4\cgprakt4\cgprakt4\cgvstudio\cgvstudio\debug\scene.obj
d:\dokumente\hochschule\computergrafik\praktikum1\cgprakt4\cgprakt4\cgprakt4\cgvstudio\cgvstudio\debug\tank.obj
d:\dokumente\hochschule\computergrafik\praktikum1\cgprakt4\cgprakt4\cgprakt4\cgvstudio\cgvstudio\debug\texture.obj
d:\dokumente\hochschule\computergrafik\praktikum1\cgprakt4\cgprakt4\cgprakt4\cgvstudio\cgvstudio\debug\triangleboxmodel.obj
d:\dokumente\hochschule\computergrafik\praktikum1\cgprakt4\cgprakt4\cgprakt4\cgvstudio\cgvstudio\debug\triangleplanemodel.obj
d:\dokumente\hochschule\computergrafik\praktikum1\cgprakt4\cgprakt4\cgprakt4\cgvstudio\cgvstudio\debug\trianglespheremodel.obj
d:\dokumente\hochschule\computergrafik\praktikum1\cgprakt4\cgprakt4\cgprakt4\cgvstudio\cgvstudio\debug\vector.obj
d:\dokumente\hochschule\computergrafik\praktikum1\cgprakt4\cgprakt4\cgprakt4\cgvstudio\cgvstudio\debug\vertexbuffer.obj
d:\dokumente\hochschule\computergrafik\praktikum1\cgprakt4\cgprakt4\cgprakt4\cgvstudio\cgvstudio\debug\aabb.obj
d:\dokumente\hochschule\computergrafik\praktikum1\cgprakt4\cgprakt4\cgprakt4\cgvstudio\cgvstudio\debug\application.obj
d:\dokumente\hochschule\computergrafik\praktikum1\cgprakt4\cgprakt4\cgprakt4\cgvstudio\cgvstudio\debug\basemodel.obj
d:\dokumente\hochschule\computergrafik\cgprojekt\cgprojekt\cgprojekt\cgvstudio\cgvstudio\debug\vc140.pdb
d:\dokumente\hochschule\computergrafik\cgprojekt\cgprojekt\cgprojekt\cgvstudio\cgvstudio\debug\vc140.idb
d:\dokumente\hochschule\computergrafik\cgprojekt\cgprojekt\cgprojekt\cgvstudio\cgvstudio\debug\camera.obj
d:\dokumente\hochschule\computergrafik\cgprojekt\cgprojekt\cgprojekt\cgvstudio\cgvstudio\debug\color.obj
d:\dokumente\hochschule\computergrafik\cgprojekt\cgprojekt\cgprojekt\cgvstudio\cgvstudio\debug\constantshader.obj
d:\dokumente\hochschule\computergrafik\cgprojekt\cgprojekt\cgprojekt\cgvstudio\cgvstudio\debug\indexbuffer.obj
d:\dokumente\hochschule\computergrafik\cgprojekt\cgprojekt\cgprojekt\cgvstudio\cgvstudio\debug\lineboxmodel.obj
d:\dokumente\hochschule\computergrafik\cgprojekt\cgprojekt\cgprojekt\cgvstudio\cgvstudio\debug\lineplanemodel.obj
d:\dokumente\hochschule\computergrafik\cgprojekt\cgprojekt\cgprojekt\cgvstudio\cgvstudio\debug\main.obj
d:\dokumente\hochschule\computergrafik\cgprojekt\cgprojekt\cgprojekt\cgvstudio\cgvstudio\debug\matrix.obj
d:\dokumente\hochschule\computergrafik\cgprojekt\cgprojekt\cgprojekt\cgvstudio\cgvstudio\debug\model.obj
d:\dokumente\hochschule\computergrafik\cgprojekt\cgprojekt\cgprojekt\cgvstudio\cgvstudio\debug\phongshader.obj
d:\dokumente\hochschule\computergrafik\cgprojekt\cgprojekt\cgprojekt\cgvstudio\cgvstudio\debug\rgbimage.obj
d:\dokumente\hochschule\computergrafik\cgprojekt\cgprojekt\cgprojekt\cgvstudio\cgvstudio\debug\scene.obj
d:\dokumente\hochschule\computergrafik\cgprojekt\cgprojekt\cgprojekt\cgvstudio\cgvstudio\debug\tank.obj
d:\dokumente\hochschule\computergrafik\cgprojekt\cgprojekt\cgprojekt\cgvstudio\cgvstudio\debug\texture.obj
d:\dokumente\hochschule\computergrafik\cgprojekt\cgprojekt\cgprojekt\cgvstudio\cgvstudio\debug\triangleboxmodel.obj
d:\dokumente\hochschule\computergrafik\cgprojekt\cgprojekt\cgprojekt\cgvstudio\cgvstudio\debug\triangleplanemodel.obj
d:\dokumente\hochschule\computergrafik\cgprojekt\cgprojekt\cgprojekt\cgvstudio\cgvstudio\debug\trianglespheremodel.obj
d:\dokumente\hochschule\computergrafik\cgprojekt\cgprojekt\cgprojekt\cgvstudio\cgvstudio\debug\vector.obj
d:\dokumente\hochschule\computergrafik\cgprojekt\cgprojekt\cgprojekt\cgvstudio\cgvstudio\debug\vertexbuffer.obj
d:\dokumente\hochschule\computergrafik\cgprojekt\cgprojekt\cgprojekt\cgvstudio\cgvstudio\debug\duck.obj
d:\dokumente\hochschule\computergrafik\cgprojekt\cgprojekt\cgprojekt\cgvstudio\cgvstudio\debug\aabb.obj
d:\dokumente\hochschule\computergrafik\cgprojekt\cgprojekt\cgprojekt\cgvstudio\cgvstudio\debug\application.obj
d:\dokumente\hochschule\computergrafik\cgprojekt\cgprojekt\cgprojekt\cgvstudio\cgvstudio\debug\basemodel.obj
d:\dokumente\hochschule\computergrafik\cgprojekt\cgprojekt\cgprojekt\cgvstudio\cgvstudio\debug\baseshader.obj
c:\users\shawna\desktop\cg-projekt\cg-projekt\cgvstudio\cgvstudio\debug\vc140.pdb
c:\users\shawna\desktop\cg-projekt\cg-projekt\cgvstudio\cgvstudio\debug\vc140.idb
c:\users\shawna\desktop\cg-projekt\cg-projekt\cgvstudio\cgvstudio\debug\camera.obj
c:\users\shawna\desktop\cg-projekt\cg-projekt\cgvstudio\cgvstudio\debug\color.obj
c:\users\shawna\desktop\cg-projekt\cg-projekt\cgvstudio\cgvstudio\debug\constantshader.obj
c:\users\shawna\desktop\cg-projekt\cg-projekt\cgvstudio\cgvstudio\debug\duck.obj
c:\users\shawna\desktop\cg-projekt\cg-projekt\cgvstudio\cgvstudio\debug\indexbuffer.obj
c:\users\shawna\desktop\cg-projekt\cg-projekt\cgvstudio\cgvstudio\debug\lineboxmodel.obj
c:\users\shawna\desktop\cg-projekt\cg-projekt\cgvstudio\cgvstudio\debug\lineplanemodel.obj
c:\users\shawna\desktop\cg-projekt\cg-projekt\cgvstudio\cgvstudio\debug\main.obj
c:\users\shawna\desktop\cg-projekt\cg-projekt\cgvstudio\cgvstudio\debug\matrix.obj
c:\users\shawna\desktop\cg-projekt\cg-projekt\cgvstudio\cgvstudio\debug\model.obj
c:\users\shawna\desktop\cg-projekt\cg-projekt\cgvstudio\cgvstudio\debug\phongshader.obj
c:\users\shawna\desktop\cg-projekt\cg-projekt\cgvstudio\cgvstudio\debug\rgbimage.obj
c:\users\shawna\desktop\cg-projekt\cg-projekt\cgvstudio\cgvstudio\debug\scene.obj
c:\users\shawna\desktop\cg-projekt\cg-projekt\cgvstudio\cgvstudio\debug\tank.obj
c:\users\shawna\desktop\cg-projekt\cg-projekt\cgvstudio\cgvstudio\debug\texture.obj
c:\users\shawna\desktop\cg-projekt\cg-projekt\cgvstudio\cgvstudio\debug\triangleboxmodel.obj
c:\users\shawna\desktop\cg-projekt\cg-projekt\cgvstudio\cgvstudio\debug\triangleplanemodel.obj
c:\users\shawna\desktop\cg-projekt\cg-projekt\cgvstudio\cgvstudio\debug\trianglespheremodel.obj
c:\users\shawna\desktop\cg-projekt\cg-projekt\cgvstudio\cgvstudio\debug\vector.obj
c:\users\shawna\desktop\cg-projekt\cg-projekt\cgvstudio\cgvstudio\debug\vertexbuffer.obj
c:\users\shawna\desktop\cg-projekt\cg-projekt\cgvstudio\cgvstudio\debug\aabb.obj
c:\users\shawna\desktop\cg-projekt\cg-projekt\cgvstudio\cgvstudio\debug\application.obj
c:\users\shawna\desktop\cg-projekt\cg-projekt\cgvstudio\cgvstudio\debug\basemodel.obj
c:\users\shawna\desktop\cg-projekt\cg-projekt\cgvstudio\cgvstudio\debug\baseshader.obj
c:\users\roman\documents\github\cg-projekt\cgvstudio\cgvstudio\debug\vc141.pdb
c:\users\roman\documents\github\cg-projekt\cgvstudio\cgvstudio\debug\vc141.idb
c:\users\roman\documents\github\cg-projekt\cgvstudio\cgvstudio\debug\camera.obj
c:\users\roman\documents\github\cg-projekt\cgvstudio\cgvstudio\debug\color.obj
c:\users\roman\documents\github\cg-projekt\cgvstudio\cgvstudio\debug\constantshader.obj
c:\users\roman\documents\github\cg-projekt\cgvstudio\cgvstudio\debug\duck.obj
c:\users\roman\documents\github\cg-projekt\cgvstudio\cgvstudio\debug\indexbuffer.obj
c:\users\roman\documents\github\cg-projekt\cgvstudio\cgvstudio\debug\lineboxmodel.obj
c:\users\roman\documents\github\cg-projekt\cgvstudio\cgvstudio\debug\lineplanemodel.obj
c:\users\roman\documents\github\cg-projekt\cgvstudio\cgvstudio\debug\main.obj
c:\users\roman\documents\github\cg-projekt\cgvstudio\cgvstudio\debug\matrix.obj
c:\users\roman\documents\github\cg-projekt\cgvstudio\cgvstudio\debug\model.obj
c:\users\roman\documents\github\cg-projekt\cgvstudio\cgvstudio\debug\phongshader.obj
c:\users\roman\documents\github\cg-projekt\cgvstudio\cgvstudio\debug\rgbimage.obj
c:\users\roman\documents\github\cg-projekt\cgvstudio\cgvstudio\debug\scene.obj
c:\users\roman\documents\github\cg-projekt\cgvstudio\cgvstudio\debug\tank.obj
c:\users\roman\documents\github\cg-projekt\cgvstudio\cgvstudio\debug\texture.obj
c:\users\roman\documents\github\cg-projekt\cgvstudio\cgvstudio\debug\triangleboxmodel.obj
c:\users\roman\documents\github\cg-projekt\cgvstudio\cgvstudio\debug\triangleplanemodel.obj
c:\users\roman\documents\github\cg-projekt\cgvstudio\cgvstudio\debug\trianglespheremodel.obj
c:\users\roman\documents\github\cg-projekt\cgvstudio\cgvstudio\debug\vector.obj
c:\users\roman\documents\github\cg-projekt\cgvstudio\cgvstudio\debug\vertexbuffer.obj
c:\users\roman\documents\github\cg-projekt\cgvstudio\cgvstudio\debug\aabb.obj
c:\users\roman\documents\github\cg-projekt\cgvstudio\cgvstudio\debug\application.obj
c:\users\roman\documents\github\cg-projekt\cgvstudio\cgvstudio\debug\basemodel.obj
c:\users\roman\documents\github\cg-projekt\cgvstudio\cgvstudio\debug\baseshader.obj
d:\dokumente\hochschule\computergrafik\praktikum1\cgprakt4\cgprakt4\cgprakt4\cgvstudio\debug\cgvstudio.ilk
d:\dokumente\hochschule\computergrafik\praktikum1\cgprakt4\cgprakt4\cgprakt4\cgvstudio\debug\cgvstudio.exe
d:\dokumente\hochschule\computergrafik\praktikum1\cgprakt4\cgprakt4\cgprakt4\cgvstudio\debug\cgvstudio.pdb
d:\dokumente\hochschule\computergrafik\cgprojekt\cgprojekt\cgprojekt\cgvstudio\debug\cgvstudio.ilk
d:\dokumente\hochschule\computergrafik\cgprojekt\cgprojekt\cgprojekt\cgvstudio\debug\cgvstudio.exe
d:\dokumente\hochschule\computergrafik\cgprojekt\cgprojekt\cgprojekt\cgvstudio\debug\cgvstudio.pdb
c:\users\shawna\desktop\cg-projekt\cg-projekt\cgvstudio\debug\cgvstudio.ilk
c:\users\shawna\desktop\cg-projekt\cg-projekt\cgvstudio\debug\cgvstudio.exe
c:\users\shawna\desktop\cg-projekt\cg-projekt\cgvstudio\debug\cgvstudio.pdb
c:\users\roman\documents\github\cg-projekt\cgvstudio\debug\cgvstudio.ilk
c:\users\roman\documents\github\cg-projekt\cgvstudio\debug\cgvstudio.exe
c:\users\roman\documents\github\cg-projekt\cgvstudio\debug\cgvstudio.pdb
c:\users\roman\documents\github\cg-projekt\cgvstudio\cgvstudio\debug\application.obj.enc
c:\users\roman\documents\github\cg-projekt\cgvstudio\cgvstudio\debug\tank.obj.enc
c:\users\roman\documents\github\cg-projekt\cgvstudio\cgvstudio\debug\vc140.idb
c:\users\roman\documents\github\cg-projekt\cgvstudio\cgvstudio\debug\vc140.pdb
c:\users\roman\documents\github\cg-projekt\cgvstudio\cgvstudio\debug\cgvstudio.tlog\cl.command.1.tlog
c:\users\roman\documents\github\cg-projekt\cgvstudio\cgvstudio\debug\cgvstudio.tlog\cl.read.1.tlog
c:\users\roman\documents\github\cg-projekt\cgvstudio\cgvstudio\debug\cgvstudio.tlog\cl.write.1.tlog
c:\users\roman\documents\github\cg-projekt\cgvstudio\cgvstudio\debug\cgvstudio.tlog\link.command.1.tlog
c:\users\roman\documents\github\cg-projekt\cgvstudio\cgvstudio\debug\cgvstudio.tlog\link.delete.1.tlog
c:\users\roman\documents\github\cg-projekt\cgvstudio\cgvstudio\debug\cgvstudio.tlog\link.read.1.tlog
c:\users\roman\documents\github\cg-projekt\cgvstudio\cgvstudio\debug\cgvstudio.tlog\link.write.1.tlog
